TN:
SF:src\index.ts
FNF:0
FNH:0
DA:3,2
LF:1
LH:1
BRF:0
BRH:0
end_of_record
TN:
SF:src\core\functions.ts
FN:13,(anonymous_0)
FN:41,(anonymous_1)
FN:65,(anonymous_2)
FN:80,(anonymous_3)
FNF:4
FNH:4
FNDA:19,(anonymous_0)
FNDA:42,(anonymous_1)
FNDA:25,(anonymous_2)
FNDA:15,(anonymous_3)
DA:13,3
DA:17,19
DA:18,19
DA:19,19
DA:22,19
DA:23,19
DA:25,2
DA:28,17
DA:29,17
DA:30,17
DA:32,17
DA:41,3
DA:42,42
DA:45,47
DA:47,43
DA:49,47
DA:50,17
DA:51,17
DA:54,26
DA:65,3
DA:66,25
DA:67,25
DA:68,25
DA:80,3
DA:81,15
LF:25
LH:25
BRDA:18,0,0,19
BRDA:18,0,1,25
BRDA:45,1,0,4
BRDA:45,1,1,43
BRDA:45,2,0,47
BRDA:45,2,1,44
BRDA:47,3,0,24
BRDA:47,3,1,19
BRDA:49,4,0,17
BRDA:49,4,1,30
BRF:10
BRH:10
end_of_record
TN:
SF:src\core\index.ts
FN:32,(anonymous_0)
FNF:1
FNH:1
FNDA:12,(anonymous_0)
DA:10,2
DA:32,2
DA:33,12
DA:34,12
DA:35,12
DA:36,12
DA:38,12
DA:39,1
DA:43,12
DA:44,12
DA:52,1
DA:58,11
DA:59,11
DA:60,11
DA:61,11
DA:62,11
DA:64,2
DA:68,11
LF:18
LH:18
BRDA:33,0,0,12
BRDA:33,0,1,10
BRDA:38,1,0,1
BRDA:38,1,1,11
BRDA:46,2,0,1
BRDA:46,2,1,11
BRDA:60,3,0,11
BRDA:60,3,1,0
BRF:8
BRH:7
end_of_record
TN:
SF:src\errors\access-exception-error.ts
FN:14,constructor
FNF:1
FNH:1
FNDA:5,constructor
DA:15,5
DA:16,5
DA:17,5
DA:18,5
DA:19,5
LF:5
LH:5
BRDA:19,0,0,1
BRDA:19,0,1,4
BRF:2
BRH:2
end_of_record
TN:
SF:src\errors\bad-request-error.ts
FN:14,constructor
FNF:1
FNH:1
FNDA:5,constructor
DA:15,5
DA:16,5
DA:17,5
DA:18,5
DA:19,5
LF:5
LH:5
BRDA:19,0,0,1
BRDA:19,0,1,4
BRF:2
BRH:2
end_of_record
TN:
SF:src\errors\error-handler.ts
FN:15,(anonymous_0)
FN:25,(anonymous_1)
FNF:2
FNH:2
FNDA:23,(anonymous_0)
FNDA:23,(anonymous_1)
DA:15,3
DA:16,23
DA:25,3
DA:26,23
DA:28,23
DA:29,11
DA:31,1
DA:33,1
DA:35,4
DA:37,1
DA:39,4
DA:50,12
DA:52,10
LF:13
LH:13
BRDA:16,0,0,23
BRDA:16,0,1,19
BRDA:16,0,2,18
BRDA:28,1,0,11
BRDA:28,1,1,12
BRDA:29,2,0,1
BRDA:29,2,1,1
BRDA:29,2,2,4
BRDA:29,2,3,1
BRDA:29,2,4,4
BRDA:39,3,0,3
BRDA:39,3,1,1
BRDA:40,4,0,3
BRDA:40,4,1,0
BRDA:50,5,0,2
BRDA:50,5,1,10
BRF:16
BRH:15
end_of_record
TN:
SF:src\errors\invalid-parameter-error.ts
FN:13,constructor
FNF:1
FNH:1
FNDA:5,constructor
DA:14,5
DA:15,5
DA:16,5
DA:17,5
DA:18,5
LF:5
LH:5
BRDA:18,0,0,1
BRDA:18,0,1,4
BRF:2
BRH:2
end_of_record
TN:
SF:src\errors\invalid-record-error.ts
FN:13,constructor
FNF:1
FNH:1
FNDA:5,constructor
DA:14,5
DA:15,5
DA:16,5
DA:17,5
DA:18,5
LF:5
LH:5
BRDA:18,0,0,1
BRDA:18,0,1,4
BRF:2
BRH:2
end_of_record
TN:
SF:src\errors\invalid-token-error.ts
FN:13,constructor
FNF:1
FNH:1
FNDA:8,constructor
DA:14,8
DA:15,8
DA:16,8
DA:17,8
DA:18,8
LF:5
LH:5
BRDA:18,0,0,3
BRDA:18,0,1,5
BRF:2
BRH:2
end_of_record
TN:
SF:src\errors\moodle-exception-error.ts
FN:17,constructor
FNF:1
FNH:1
FNDA:5,constructor
DA:18,5
DA:19,5
DA:20,5
DA:21,5
DA:22,5
LF:5
LH:5
BRDA:22,0,0,1
BRDA:22,0,1,4
BRF:2
BRH:2
end_of_record
TN:
SF:src\errors\url-error.ts
FN:12,constructor
FNF:1
FNH:1
FNDA:6,constructor
DA:13,6
DA:14,6
DA:15,6
DA:16,6
LF:4
LH:4
BRF:0
BRH:0
end_of_record
TN:
SF:src\types\core.ts
FNF:0
FNH:0
LF:0
LH:0
BRF:0
BRH:0
end_of_record
